Arguments: 
  C:\Program Files\nodejs\node.exe C:\Users\lisha\AppData\Roaming\npm\node_modules\yarn\bin\yarn.js install

PATH: 
  C:\Program Files\Git\cmder\vendor\git-for-windows\mingw64\bin;C:\Program Files\Git\cmder\vendor\git-for-windows\usr\bin;C:\Users\lisha\bin;D:\Oracle\product\12.2.0\client_1\bin;C:\ProgramData\Oracle\Java\javapath;C:\Windows\system32;C:\Windows;C:\Windows\System32\Wbem;C:\Windows\System32\WindowsPowerShell\v1.0;C:\Program Files (x86)\NVIDIA Corporation\PhysX\Common;C:\Program Files\TortoiseSVN\bin;C:\Program Files\IDM Computer Solutions\UltraCompare;C:\WINDOWS\system32;C:\WINDOWS;C:\WINDOWS\System32\Wbem;C:\WINDOWS\System32\WindowsPowerShell\v1.0;C:\WINDOWS\System32\OpenSSH;C:\Program Files\EmEditor;C:\Program Files (x86)\scala\bin;C:\Program Files\PowerShell\7-preview\preview;C:\Program Files\Git\cmd;C:\Users\lisha\AppData\Roaming\nvm;C:\Program Files\nodejs;C:\Users\lisha\AppData\Local\Microsoft\WindowsApps;C:\Users\lisha\AppData\Local\Yarn\bin;C:\Program Files\JetBrains\IntelliJ IDEA 2019.1.3\bin;C:\Program Files\Docker Toolbox;C:\Program Files\Docker Toolbox;C:\Users\lisha\AppData\Roaming\npm;C:\Users\lisha\AppData\Roaming\nvm;C:\Program Files\nodejs;C:\Users\lisha\AppData\Local\Programs\Microsoft VS Code\bin

Yarn version: 
  1.16.0

Node version: 
  12.16.2

Platform: 
  win32 x64

Trace: 
  SyntaxError: C:\Users\lisha\Desktop\node\node-demo1\package.json: Unexpected token } in JSON at position 139
      at JSON.parse (<anonymous>)
      at C:\Users\lisha\AppData\Roaming\npm\node_modules\yarn\lib\cli.js:1625:59
      at Generator.next (<anonymous>)
      at step (C:\Users\lisha\AppData\Roaming\npm\node_modules\yarn\lib\cli.js:304:30)
      at C:\Users\lisha\AppData\Roaming\npm\node_modules\yarn\lib\cli.js:315:13

npm manifest: 
  {
    "name": "node-demo1",
    "version": "0.0.1",
    "main": "index.js",
    "license": "MIT",
    "dependencies": {
      "commander": "^3.0.2",
    }
  }

yarn manifest: 
  No manifest

Lockfile: 
  # THIS IS AN AUTOGENERATED FILE. DO NOT EDIT THIS FILE DIRECTLY.
  # yarn lockfile v1
  
  
  commander@^6.2.0:
    version "6.2.0"
    resolved "https://registry.npm.taobao.org/commander/download/commander-6.2.0.tgz?cache=0&sync_timestamp=1605992478790&other_urls=https%3A%2F%2Fregistry.npm.taobao.org%2Fcommander%2Fdownload%2Fcommander-6.2.0.tgz#b990bfb8ac030aedc6d11bc04d1488ffef56db75"
    integrity sha1-uZC/uKwDCu3G0RvATRSI/+9W23U=
